This file contains any messages produced by compilers while
running configure, to aid debugging if configure makes a mistake.

It was created by configure, which was
generated by GNU Autoconf 2.61.  Invocation command line was

  $ ./configure 

## --------- ##
## Platform. ##
## --------- ##

hostname = Duncans-MacBook-Pro-2.local
uname -m = x86_64
uname -r = 15.2.0
uname -s = Darwin
uname -v = Darwin Kernel Version 15.2.0: Fri Nov 13 19:56:56 PST 2015; root:xnu-3248.20.55~2/RELEASE_X86_64

/usr/bin/uname -p = i386
/bin/uname -X     = unknown

/bin/arch              = unknown
/usr/bin/arch -k       = unknown
/usr/convex/getsysinfo = unknown
/usr/bin/hostinfo      = Mach kernel version:
	 Darwin Kernel Version 15.2.0: Fri Nov 13 19:56:56 PST 2015; root:xnu-3248.20.55~2/RELEASE_X86_64
Kernel configured for up to 8 processors.
4 processors are physically available.
8 processors are logically available.
Processor type: x86_64h (Intel x86-64h Haswell)
Processors active: 0 1 2 3 4 5 6 7
Primary memory available: 16.00 gigabytes
Default processor set: 362 tasks, 2091 threads, 8 processors
Load average: 2.20, Mach factor: 5.79
/bin/machine           = unknown
/usr/bin/oslevel       = unknown
/bin/universe          = unknown

PATH: /Library/Developer/CommandLineTools/usr/bin
PATH: /Library/Frameworks/Python.framework/Versions/3.4/bin
PATH: /Users/duncan/Downloads/hadoop-2.2.0/bin
PATH: /Users/duncan/Downloads/hadoop-2.2.0/sbin
PATH: /Library/Frameworks/Python.framework/Versions/Current/bin
PATH: /Library/Frameworks/Python.framework/Versions/2.6/bin
PATH: .
PATH: /Users/duncan/local/bin
PATH: /usr/local/bin
PATH: /Users/duncan/Projects/R-3.3-devel/bin
PATH: .
PATH: /Users/duncan/bin
PATH: /Users/duncan/local/bin
PATH: /Users/duncan/llvm-devel/build/Debug+Asserts/bin
PATH: /usr/bin
PATH: /usr/texbin
PATH: /usr/local/mysql/bin
PATH: /usr/local/noweb
PATH: /usr/local/jdk/bin
PATH: /usr/local/src/j2sdk1.3.1/bin
PATH: /usr/local/bin
PATH: /usr/statdept/bin
PATH: /usr/local/X11/bin
PATH: /usr/local/pgsql/bin
PATH: /usr/bin
PATH: /bin
PATH: /usr/local/gwTeX/bin/powerpc-apple-darwin-current
PATH: /usr/X11R6/bin
PATH: /opt/local/bin
PATH: /var/duncan/office52
PATH: /Users/duncan/Projects/org/omegahat/bin
PATH: /Users/duncan/Projects/R-3.3-devel/bin
PATH: /Users/duncan/miniconda/bin
PATH: /usr/local/texlive/2014/bin/universal-darwin/


## ----------- ##
## Core tests. ##
## ----------- ##

configure:1613: checking for pkg-config
configure:1631: found /usr/local/bin/pkg-config
configure:1643: result: /usr/local/bin/pkg-config
configure:1818: creating ./config.status

## ---------------------- ##
## Running config.status. ##
## ---------------------- ##

This file was extended by config.status, which was
generated by GNU Autoconf 2.61.  Invocation command line was

  CONFIG_FILES    = 
  CONFIG_HEADERS  = 
  CONFIG_LINKS    = 
  CONFIG_COMMANDS = 
  $ ./config.status 

on Duncans-MacBook-Pro-2.local

config.status:567: creating src/Makevars

## ---------------- ##
## Cache variables. ##
## ---------------- ##

ac_cv_env_build_alias_set=
ac_cv_env_build_alias_value=
ac_cv_env_host_alias_set=
ac_cv_env_host_alias_value=
ac_cv_env_target_alias_set=
ac_cv_env_target_alias_value=
ac_cv_path_PKG_CONFIG=/usr/local/bin/pkg-config

## ----------------- ##
## Output variables. ##
## ----------------- ##

DEFS='-DPACKAGE_NAME=\"\" -DPACKAGE_TARNAME=\"\" -DPACKAGE_VERSION=\"\" -DPACKAGE_STRING=\"\" -DPACKAGE_BUGREPORT=\"\"'
ECHO_C='ECHO_N=''
ECHO_T=''
LIBOBJS=''
LIBS=''
LTLIBOBJS=''
PACKAGE_BUGREPORT=''
PACKAGE_NAME=''
PACKAGE_STRING=''
PACKAGE_TARNAME=''
PACKAGE_VERSION=''
PATH_SEPARATOR=':'
PKG_CONFIG='/usr/local/bin/pkg-config'
PKG_CPPFLAGS='-I/usr/local/lib/libffi-3.2.1/include '
PKG_LIBS='-L/usr/local/lib -lffi '
SHELL='/bin/sh'
bindir='${exec_prefix}/bin'
build_alias=''
datadir='${datarootdir}'
datarootdir='${prefix}/share'
docdir='${datarootdir}/doc/${PACKAGE}'
dvidir='${docdir}'
exec_prefix='${prefix}'
host_alias=''
htmldir='${docdir}'
includedir='${prefix}/include'
infodir='${datarootdir}/info'
libdir='${exec_prefix}/lib'
libexecdir='${exec_prefix}/libexec'
localedir='${datarootdir}/locale'
localstatedir='${prefix}/var'
mandir='${datarootdir}/man'
oldincludedir='/usr/include'
pdfdir='${docdir}'
prefix='/usr/local'
program_transform_name='s,x,x,'
psdir='${docdir}'
sbindir='${exec_prefix}/sbin'
sharedstatedir='${prefix}/com'
sysconfdir='${prefix}/etc'
target_alias=''

## ----------- ##
## confdefs.h. ##
## ----------- ##

#define PACKAGE_NAME ""
#define PACKAGE_TARNAME ""
#define PACKAGE_VERSION ""
#define PACKAGE_STRING ""
#define PACKAGE_BUGREPORT ""

configure: exit 0
